Determining if the pthread_create exist failed with the following output:
Change Dir: /home/amir/Documents/Algorithms/MST/cmake-build-debug/CMakeFiles/CMakeTmp

Run Build Command(s):/usr/bin/make cmTC_6dda2/fast 
make[1]: Entering directory '/home/amir/Documents/Algorithms/MST/cmake-build-debug/CMakeFiles/CMakeTmp'
/usr/bin/make -f CMakeFiles/cmTC_6dda2.dir/build.make CMakeFiles/cmTC_6dda2.dir/build
make[2]: Entering directory '/home/amir/Documents/Algorithms/MST/cmake-build-debug/CMakeFiles/CMakeTmp'
Building C object CMakeFiles/cmTC_6dda2.dir/CheckSymbolExists.c.o
/usr/bin/cc    -o CMakeFiles/cmTC_6dda2.dir/CheckSymbolExists.c.o   -c /home/amir/Documents/Algorithms/MST/cmake-build-debug/CMakeFiles/CMakeTmp/CheckSymbolExists.c
Linking C executable cmTC_6dda2
/snap/clion/70/bin/cmake/linux/bin/cmake -E cmake_link_script CMakeFiles/cmTC_6dda2.dir/link.txt --verbose=1
/usr/bin/cc      -rdynamic CMakeFiles/cmTC_6dda2.dir/CheckSymbolExists.c.o  -o cmTC_6dda2 
CMakeFiles/cmTC_6dda2.dir/CheckSymbolExists.c.o: In function `main':
CheckSymbolExists.c:(.text+0x1b): undefined reference to `pthread_create'
collect2: error: ld returned 1 exit status
CMakeFiles/cmTC_6dda2.dir/build.make:86: recipe for target 'cmTC_6dda2' failed
make[2]: *** [cmTC_6dda2] Error 1
make[2]: Leaving directory '/home/amir/Documents/Algorithms/MST/cmake-build-debug/CMakeFiles/CMakeTmp'
Makefile:121: recipe for target 'cmTC_6dda2/fast' failed
make[1]: *** [cmTC_6dda2/fast] Error 2
make[1]: Leaving directory '/home/amir/Documents/Algorithms/MST/cmake-build-debug/CMakeFiles/CMakeTmp'

File /home/amir/Documents/Algorithms/MST/cmake-build-debug/CMakeFiles/CMakeTmp/CheckSymbolExists.c:
/* */
#include <pthread.h>

int main(int argc, char** argv)
{
  (void)argv;
#ifndef pthread_create
  return ((int*)(&pthread_create))[argc];
#else
  (void)argc;
  return 0;
#endif
}

Determining if the function pthread_create exists in the pthreads failed with the following output:
Change Dir: /home/amir/Documents/Algorithms/MST/cmake-build-debug/CMakeFiles/CMakeTmp

Run Build Command(s):/usr/bin/make cmTC_728b1/fast 
make[1]: Entering directory '/home/amir/Documents/Algorithms/MST/cmake-build-debug/CMakeFiles/CMakeTmp'
/usr/bin/make -f CMakeFiles/cmTC_728b1.dir/build.make CMakeFiles/cmTC_728b1.dir/build
make[2]: Entering directory '/home/amir/Documents/Algorithms/MST/cmake-build-debug/CMakeFiles/CMakeTmp'
Building C object CMakeFiles/cmTC_728b1.dir/CheckFunctionExists.c.o
/usr/bin/cc   -DCHECK_FUNCTION_EXISTS=pthread_create   -o CMakeFiles/cmTC_728b1.dir/CheckFunctionExists.c.o   -c /snap/clion/70/bin/cmake/linux/share/cmake-3.14/Modules/CheckFunctionExists.c
Linking C executable cmTC_728b1
/snap/clion/70/bin/cmake/linux/bin/cmake -E cmake_link_script CMakeFiles/cmTC_728b1.dir/link.txt --verbose=1
/usr/bin/cc  -DCHECK_FUNCTION_EXISTS=pthread_create    -rdynamic CMakeFiles/cmTC_728b1.dir/CheckFunctionExists.c.o  -o cmTC_728b1 -lpthreads 
/usr/bin/ld: cannot find -lpthreads
collect2: error: ld returned 1 exit status
CMakeFiles/cmTC_728b1.dir/build.make:86: recipe for target 'cmTC_728b1' failed
make[2]: *** [cmTC_728b1] Error 1
make[2]: Leaving directory '/home/amir/Documents/Algorithms/MST/cmake-build-debug/CMakeFiles/CMakeTmp'
Makefile:121: recipe for target 'cmTC_728b1/fast' failed
make[1]: *** [cmTC_728b1/fast] Error 2
make[1]: Leaving directory '/home/amir/Documents/Algorithms/MST/cmake-build-debug/CMakeFiles/CMakeTmp'


